0 info it worked if it ends with ok
1 verbose cli [ '/usr/local/bin/node', '/usr/local/bin/npm', 'run', 'test' ]
2 info using npm@3.4.0
3 info using node@v4.2.2
4 verbose run-script [ 'pretest', 'test', 'posttest' ]
5 info lifecycle npmstdouttest@1.0.0~pretest: npmstdouttest@1.0.0
6 silly lifecycle npmstdouttest@1.0.0~pretest: no script for pretest, continuing
7 info lifecycle npmstdouttest@1.0.0~test: npmstdouttest@1.0.0
8 verbose lifecycle npmstdouttest@1.0.0~test: unsafe-perm in lifecycle true
9 verbose lifecycle npmstdouttest@1.0.0~test: PATH: /usr/local/lib/node_modules/npm/bin/node-gyp-bin:/Users/dan/git/npmtest/node_modules/.bin:/Users/dan/.rvm/gems/ruby-2.0.0-p0/bin:/Users/dan/.rvm/gems/ruby-2.0.0-p0@global/bin:/Users/dan/.rvm/rubies/ruby-2.0.0-p0/bin:/Users/dan/bin:/usr/local/bin:/usr/local/sbin:/usr/bin:/bin:/usr/sbin:/sbin:/opt/X11/bin:/Users/dan/.rvm/bin:/Library/Frameworks/GDAL.framework/Programs:/Users/dan/.rvm/gems/ruby-2.0.0-p0/bin:/Users/dan/.rvm/gems/ruby-2.0.0-p0@global/bin:/Users/dan/.rvm/rubies/ruby-2.0.0-p0/bin:/Users/dan/.rvm/bin:/Users/dan/bin:/usr/local/bin:/usr/local/sbin:/usr/bin:/bin:/usr/sbin:/sbin
10 verbose lifecycle npmstdouttest@1.0.0~test: CWD: /Users/dan/git/npmtest
11 silly lifecycle npmstdouttest@1.0.0~test: Args: [ '-c', 'node test.js' ]
12 silly lifecycle npmstdouttest@1.0.0~test: Returned: code: 1  signal: null
13 info lifecycle npmstdouttest@1.0.0~test: Failed to exec test script
14 verbose stack Error: npmstdouttest@1.0.0 test: `node test.js`
14 verbose stack Exit status 1
14 verbose stack     at EventEmitter.<anonymous> (/usr/local/lib/node_modules/npm/lib/utils/lifecycle.js:232:16)
14 verbose stack     at emitTwo (events.js:87:13)
14 verbose stack     at EventEmitter.emit (events.js:172:7)
14 verbose stack     at ChildProcess.<anonymous> (/usr/local/lib/node_modules/npm/lib/utils/spawn.js:24:14)
14 verbose stack     at emitTwo (events.js:87:13)
14 verbose stack     at ChildProcess.emit (events.js:172:7)
14 verbose stack     at maybeClose (internal/child_process.js:818:16)
14 verbose stack     at Process.ChildProcess._handle.onexit (internal/child_process.js:211:5)
15 verbose pkgid npmstdouttest@1.0.0
16 verbose cwd /Users/dan/git/npmtest
17 error Darwin 12.5.0
18 error argv "/usr/local/bin/node" "/usr/local/bin/npm" "run" "test"
19 error node v4.2.2
20 error npm  v3.4.0
21 error code ELIFECYCLE
22 error npmstdouttest@1.0.0 test: `node test.js`
22 error Exit status 1
23 error Failed at the npmstdouttest@1.0.0 test script 'node test.js'.
23 error Make sure you have the latest version of node.js and npm installed.
23 error If you do, this is most likely a problem with the npmstdouttest package,
23 error not with npm itself.
23 error Tell the author that this fails on your system:
23 error     node test.js
23 error You can get their info via:
23 error     npm owner ls npmstdouttest
23 error There is likely additional logging output above.
24 verbose exit [ 1, true ]
